<?xml version="1.0" encoding="UTF-8"?>
<!-- Generated by org.testng.reporters.JUnitXMLReporter -->
<testsuite hostname="KORAT" ignored="0" name="Default test" tests="6" failures="0" timestamp="2022-11-07T23:05:05 EST" time="13.902" errors="0">
  <testcase name="admin" time="2.443" classname="com.OpenHRM.Login"/>
  <testcase name="job" time="0.782" classname="com.OpenHRM.Login"/>
  <testcase name="addButton" time="0.831" classname="com.OpenHRM.Login"/>
  <testcase name="addJobTitle" time="0.858" classname="com.OpenHRM.Login"/>
  <testcase name="selectAll" time="3.888" classname="com.OpenHRM.Login"/>
  <testcase name="declineDeleteAll" time="0.093" classname="com.OpenHRM.Login"/>
</testsuite> <!-- Default test -->
