<?xml version="1.0" encoding="UTF-8"?>
<!-- Generated by org.testng.reporters.JUnitXMLReporter -->
<testsuite hostname="KORAT" ignored="0" name="Default test" tests="7" failures="0" timestamp="2022-11-08T21:35:58 EST" time="26.831" errors="0">
  <testcase name="admin" time="2.927" classname="com.OpenHRM.Login"/>
  <testcase name="job" time="1.154" classname="com.OpenHRM.Login"/>
  <testcase name="addButton" time="0.913" classname="com.OpenHRM.Login"/>
  <testcase name="addJobTitle" time="1.209" classname="com.OpenHRM.Login"/>
  <testcase name="deleteSingle" time="7.476" classname="com.OpenHRM.Login"/>
  <testcase name="sorting" time="0.611" classname="com.OpenHRM.Login"/>
  <testcase name="edit" time="4.504" classname="com.OpenHRM.Login"/>
</testsuite> <!-- Default test -->
