<?xml version="1.0" encoding="UTF-8"?>
<testng-results skipped="0" failed="0" ignored="0" total="6" passed="6">
  <reporter-output>
  </reporter-output>
  <suite name="Default suite" duration-ms="13902" started-at="2022-11-07T23:04:51 EST" finished-at="2022-11-07T23:05:05 EST">
    <groups>
    </groups>
    <test name="Default test" duration-ms="13902" started-at="2022-11-07T23:04:51 EST" finished-at="2022-11-07T23:05:05 EST">
      <class name="com.OpenHRM.Login">
        <test-method status="PASS" signature="setup()[pri:0, instance:com.OpenHRM.Login@10dba097]" name="setup" is-config="true" duration-ms="4957" started-at="2022-11-07T23:04:51 EST" finished-at="2022-11-07T23:04:56 EST">
          <reporter-output>
          </reporter-output>
        </test-method> <!-- setup -->
        <test-method status="PASS" signature="admin()[pri:1, instance:com.OpenHRM.Login@10dba097]" name="admin" duration-ms="2443" started-at="2022-11-07T23:04:56 EST" finished-at="2022-11-07T23:04:58 EST">
          <reporter-output>
          </reporter-output>
        </test-method> <!-- admin -->
        <test-method status="PASS" signature="job()[pri:2, instance:com.OpenHRM.Login@10dba097]" name="job" duration-ms="782" started-at="2022-11-07T23:04:58 EST" finished-at="2022-11-07T23:04:59 EST">
          <reporter-output>
          </reporter-output>
        </test-method> <!-- job -->
        <test-method status="PASS" signature="addButton()[pri:3, instance:com.OpenHRM.Login@10dba097]" name="addButton" duration-ms="831" started-at="2022-11-07T23:04:59 EST" finished-at="2022-11-07T23:05:00 EST">
          <reporter-output>
          </reporter-output>
        </test-method> <!-- addButton -->
        <test-method status="PASS" signature="addJobTitle()[pri:4, instance:com.OpenHRM.Login@10dba097]" name="addJobTitle" duration-ms="858" started-at="2022-11-07T23:05:00 EST" finished-at="2022-11-07T23:05:01 EST">
          <reporter-output>
          </reporter-output>
        </test-method> <!-- addJobTitle -->
        <test-method status="PASS" signature="selectAll()[pri:5, instance:com.OpenHRM.Login@10dba097]" name="selectAll" duration-ms="3888" started-at="2022-11-07T23:05:01 EST" finished-at="2022-11-07T23:05:05 EST">
          <reporter-output>
          </reporter-output>
        </test-method> <!-- selectAll -->
        <test-method status="PASS" signature="declineDeleteAll()[pri:6, instance:com.OpenHRM.Login@10dba097]" name="declineDeleteAll" duration-ms="93" started-at="2022-11-07T23:05:05 EST" finished-at="2022-11-07T23:05:05 EST">
          <reporter-output>
          </reporter-output>
        </test-method> <!-- declineDeleteAll -->
      </class> <!-- com.OpenHRM.Login -->
    </test> <!-- Default test -->
  </suite> <!-- Default suite -->
</testng-results>
